<?xml version="1.0" encoding="UTF-8"?>
<testsuite xmlns:xsi="http://www.w3.org/2001/XMLSchema-instance" xsi:noNamespaceSchemaLocation="https://maven.apache.org/surefire/maven-surefire-plugin/xsd/surefire-test-report.xsd" version="3.0.2" name="com.example.protech_sso.ProtechSsoApplicationTests" time="3.653" tests="1" errors="0" skipped="0" failures="0">
  <properties>
[...]
</properties>
  <testcase name="contextLoads" classname="com.example.protech_sso.ProtechSsoApplicationTests" time="0.729">
    <system-out><![CDATA[15:29:19.069 [main] INFO org.springframework.test.context.support.AnnotationConfigContextLoaderUtils -- Could not detect default configuration classes for test class [com.example.protech_sso.ProtechSsoApplicationTests]: ProtechSsoApplicationTests does not declare any static, non-private, non-final, nested classes annotated with @Configuration.
15:29:19.194 [main] INFO org.springframework.boot.test.context.SpringBootTestContextBootstrapper -- Found @SpringBootConfiguration com.example.protech_sso.ProtechSsoApplication for test class com.example.protech_sso.ProtechSsoApplicationTests

  .   ____          _            __ _ _
 /\\ / ___'_ __ _ _(_)_ __  __ _ \ \ \ \
( ( )\___ | '_ | '_| | '_ \/ _` | \ \ \ \
 \\/  ___)| |_)| | | | | || (_| |  ) ) ) )
  '  |____| .__|_| |_|_| |_\__, | / / / /
 =========|_|==============|___/=/_/_/_/

 :: Spring Boot ::                (v3.5.3)

2025-07-08T15:29:19.691+05:30  INFO 5590 --- [protech-sso] [           main] c.e.p.ProtechSsoApplicationTests         : Starting ProtechSsoApplicationTests using Java 21.0.6 with PID 5590 (started by vaibhavsavaliya in /Users/vaibhavsavaliya/Documents/Projects/Spring-Test/protech-sso)
2025-07-08T15:29:19.692+05:30  INFO 5590 --- [protech-sso] [           main] c.e.p.ProtechSsoApplicationTests         : No active profile set, falling back to 1 default profile: "default"
2025-07-08T15:29:20.721+05:30  INFO 5590 --- [protech-sso] [           main] o.s.ws.soap.saaj.SaajSoapMessageFactory  : Creating SAAJ 1.3 MessageFactory with SOAP 1.1 Protocol
SecurityConfig Executed
2025-07-08T15:29:21.772+05:30  INFO 5590 --- [protech-sso] [           main] .w.s.a.s.AnnotationActionEndpointMapping : Supporting [WS-Addressing August 2004, WS-Addressing 1.0]
2025-07-08T15:29:21.815+05:30  INFO 5590 --- [protech-sso] [           main] c.e.p.ProtechSsoApplicationTests         : Started ProtechSsoApplicationTests in 2.464 seconds (process running for 3.527)
]]></system-out>
    <system-err><![CDATA[Mockito is currently self-attaching to enable the inline-mock-maker. This will no longer work in future releases of the JDK. Please add Mockito as an agent to your build as described in Mockito's documentation: https://javadoc.io/doc/org.mockito/mockito-core/latest/org.mockito/org/mockito/Mockito.html#0.3
WARNING: A Java agent has been loaded dynamically (/Users/vaibhavsavaliya/.m2/repository/net/bytebuddy/byte-buddy-agent/1.17.6/byte-buddy-agent-1.17.6.jar)
WARNING: If a serviceability tool is in use, please run with -XX:+EnableDynamicAgentLoading to hide this warning
WARNING: If a serviceability tool is not in use, please run with -Djdk.instrument.traceUsage for more information
WARNING: Dynamic loading of agents will be disallowed by default in a future release
]]></system-err>
  </testcase>
</testsuite>